<?xml version="1.0" encoding="UTF-8"?>
<!-- Generated by org.testng.reporters.JUnitXMLReporter -->
<testsuite hostname="LAPTOP-SQL70TIN" ignored="2" name="Command line test" tests="2" failures="0" timestamp="12 maj 2020 11:35:35 GMT" time="9.517" errors="0">
  <testcase name="@BeforeMethod WebInitialization" time="0.0" classname="tests.MyAccountLinksTest">
    <failure type="java.lang.NullPointerException">
      <![CDATA[java.lang.NullPointerException
at utils.PageNavigator.navigateTo(PageNavigator.java:15)
at tests.MyAccountLinksTest.WebInitialization(MyAccountLinksTest.java:19)
... Removed 38 stack frames]]>
    </failure>
  </testcase> <!-- @BeforeMethod WebInitialization -->
  <testcase name="successLoginTest" time="2.643" classname="tests.LoginTest"/>
  <testcase name="OrderHistoryNavigate" time="0.0" classname="tests.MyAccountLinksTest">
    <skipped/>
  </testcase> <!-- OrderHistoryNavigate -->
  <testcase name="@BeforeSuite setUp" time="0.0" classname="utils.BaseProperties">
    <ignored/>
  </testcase> <!-- @BeforeSuite setUp -->
  <testcase name="@AfterSuite tearDown" time="0.0" classname="utils.BaseProperties">
    <ignored/>
  </testcase> <!-- @AfterSuite tearDown -->
</testsuite> <!-- Command line test -->
