<?xml version="1.0" encoding="UTF-8" ?>
<testsuite tests="3" failures="1" name="TestSuite" time="9.674" errors="0" skipped="1">
  <properties>
[...]
</properties>
  <testcase classname="tests.LoginTest" name="successLoginTest" time="2.641"/>
  <testcase classname="tests.MyAccountLinksTest" name="WebInitialization" time="3.516">
    <failure type="java.lang.NullPointerException">java.lang.NullPointerException
	at utils.PageNavigator.navigateTo(PageNavigator.java:15)
	at tests.MyAccountLinksTest.WebInitialization(MyAccountLinksTest.java:19)
</failure>
  </testcase>
  <testcase classname="tests.MyAccountLinksTest" name="OrderHistoryNavigate" time="3.517">
    <skipped/>
  </testcase>
</testsuite>