<?xml version="1.0" encoding="UTF-8"?>
<!-- Generated by org.testng.reporters.JUnitXMLReporter -->
<testsuite hostname="LAPTOP-SQL70TIN" ignored="0" name="Command line test" tests="3" failures="0" timestamp="05 maj 2020 12:41:08 GMT" time="13.467" errors="0">
  <testcase name="initializationTest" time="6.788" classname="tests.LoginTest"/>
  <testcase name="logOut" time="3.025" classname="tests.LoginTest"/>
  <testcase name="successLoginTest" time="3.634" classname="tests.LoginTest"/>
</testsuite> <!-- Command line test -->
